2025-11-27T21:01:47.699291 | d52f977c-a863-47ef-9b55-8e647384a72e | trial_results_valid1.xlsx | Filename error: Filename does not start with 'CLINICALDATA_'
2025-11-27T21:01:47.699999 | c948fbec-f491-465f-b5c6-5f14cf65edb9 | trial_results_valid1.xlsx | Unexpected error while reading file: 'utf-8' codec can't decode byte 0x82 in position 16: invalid start byte
2025-11-27T21:04:51.338948 | 6dcc7418-0447-4c1d-92d4-f2a5e06cc941 | 1.csv | Filename error: Filename does not start with 'CLINICALDATA_'
2025-11-27T21:04:51.339598 | 71117681-84ce-4dff-b812-31706e57bdb9 | 1.csv | Header has 0 fields; expected 9
2025-11-27T21:04:51.340761 | f3a3cf56-cc20-4fe1-8486-2c0c1174bbef | 1.csv | Line 2: Empty or malformed row encountered
2025-11-27T21:04:51.341494 | 1adbe5fb-a971-4338-ad97-1031fd6a1116 | 1.csv | Line 3: Empty or malformed row encountered
2025-11-27T21:04:51.342026 | e1071c67-e4ac-46f6-8b1d-39f88ca633d9 | 1.csv | Line 4: Empty or malformed row encountered
2025-11-27T21:04:51.342492 | 6dd8cae0-1334-4e06-8d74-a0b2d72aa892 | 1.csv | Line 5: Empty or malformed row encountered
2025-11-27T21:04:51.343051 | 89f9d0ca-63b2-4e08-8223-0833c1abd700 | 1.csv | Line 6: Empty or malformed row encountered
2025-11-27T21:04:51.343559 | 0435c7d7-847e-4d97-9699-21f862abf452 | 1.csv | Line 7: Empty or malformed row encountered
2025-11-27T21:04:51.343964 | ab219c39-8423-4922-85c5-35d2cd3d2219 | 1.csv | Line 8: Empty or malformed row encountered
2025-11-27T21:04:51.344378 | c0ce1100-1fd9-4587-956f-e569a05de495 | 1.csv | Line 9: Empty or malformed row encountered
2025-11-27T21:04:51.344767 | abcedda5-7014-46e2-84f3-520d4928b318 | 1.csv | Line 10: Empty or malformed row encountered
2025-11-27T21:06:01.559896 | 8e1067d3-be03-4940-8b7e-16e6242efb9b | CLINICALDATA_INVALID_20251111031001.csv | Filename error: Filename timestamp must be 14 digits (YYYYMMDDHHMMSS)
2025-11-27T21:06:12.514198 | 767828dd-5ab5-4945-902c-2f93989b9f19 | CLINICALDATA20251111085200.csv | Filename error: Filename does not start with 'CLINICALDATA_'
2025-11-27T21:06:32.147111 | 28ff9e1d-a015-445a-b42d-d2a8be60c38f | 1.csv | Filename error: Filename does not start with 'CLINICALDATA_'
2025-11-27T21:06:32.147685 | f157c01a-5255-4e93-a8f0-7f7e90a0f3bf | 1.csv | Header has 0 fields; expected 9
2025-11-27T21:06:32.148300 | 7ad99e32-c520-4fd9-96d1-9ac112d51648 | 1.csv | Line 2: Empty or malformed row encountered
2025-11-27T21:06:32.148835 | 24778259-6876-4cce-a348-503cf10ff67b | 1.csv | Line 3: Empty or malformed row encountered
2025-11-27T21:06:32.149530 | ea32060d-c339-494c-a24b-e9ae142a1040 | 1.csv | Line 4: Empty or malformed row encountered
2025-11-27T21:06:32.150061 | 29fe8374-326c-490f-8c09-e3c6052e03d5 | 1.csv | Line 5: Empty or malformed row encountered
2025-11-27T21:06:32.150588 | c466d39c-cf44-433c-b9e5-7597075c3ded | 1.csv | Line 6: Empty or malformed row encountered
2025-11-27T21:06:32.151119 | 4c7cdbd3-c919-4ffd-bc32-78770b235fff | 1.csv | Line 7: Empty or malformed row encountered
2025-11-27T21:06:32.151580 | 29044760-7172-45c2-a055-55cc1612941d | 1.csv | Line 8: Empty or malformed row encountered
2025-11-27T21:06:32.152029 | 3cea1f51-e86b-41ec-9842-2edeff6c03ab | 1.csv | Line 9: Empty or malformed row encountered
2025-11-27T21:06:32.152442 | 0be954d2-4b56-4045-b1ff-72dcffb4b3df | 1.csv | Line 10: Empty or malformed row encountered
2025-11-27T21:21:52.151909 | 88dc1049-319a-461f-a422-3c9f12ec5492 | 1.csv | Filename error: Filename does not start with 'CLINICALDATA_'
2025-11-27T21:21:52.152764 | 48373ac6-d36d-40f1-bc23-413ac4d053b4 | 1.csv | Header has 0 fields; expected 9
2025-11-27T21:21:52.153494 | a696276e-b00b-4178-85c7-d5947c42a0e1 | 1.csv | Line 2: Empty or malformed row encountered
2025-11-27T21:21:52.154292 | 7bab41d4-87ae-4beb-8e65-ec5128023c8e | 1.csv | Line 3: Empty or malformed row encountered
2025-11-27T21:21:52.154923 | 7c73bc73-8e95-4880-b149-61cae95dee6a | 1.csv | Line 4: Empty or malformed row encountered
2025-11-27T21:21:52.155515 | 07233ba3-44e3-4553-8c2e-4e017e07c7c4 | 1.csv | Line 5: Empty or malformed row encountered
2025-11-27T21:21:52.156270 | d3b90789-a3e9-4af8-afde-5d2d17b8486c | 1.csv | Line 6: Empty or malformed row encountered
2025-11-27T21:21:52.157172 | 3ac7a555-ccf8-4110-a661-83d109427cd7 | 1.csv | Line 7: Empty or malformed row encountered
2025-11-27T21:21:52.157844 | 9b50b5d8-9c7e-471e-be81-47789bc5edd0 | 1.csv | Line 8: Empty or malformed row encountered
2025-11-27T21:21:52.158388 | 448b7720-b2f7-4c37-8342-57ee969a352d | 1.csv | Line 9: Empty or malformed row encountered
2025-11-27T21:21:52.158855 | 578e2f5c-7841-4a86-8538-187c9d70c332 | 1.csv | Line 10: Empty or malformed row encountered
2025-11-27T21:22:06.266047 | 9012b3f5-4ebc-4ab9-8d34-33c6801c1149 | CLINICALDATA20251111083308.csv | Filename error: Filename does not start with 'CLINICALDATA_'
2025-12-26T22:38:12.439719 | 93b9b4f1-0b9d-46cf-8d95-af3f975a6a5d | TestFile.py | Filename error: Filename does not start with 'CLINICALDATA_'
2025-12-26T22:38:13.483844 | 1440ed75-cc42-4173-8135-0426d920407b | TestFile.py | Header has 1 fields; expected 9
2025-12-26T22:38:14.349026 | 85322b2c-a438-47c3-b88d-3f477267e8b9 | TestFile.py | Line 2: Expected 9 fields, got 1
2025-12-26T22:38:14.946071 | 11cfaf06-f291-4842-9464-db1f96e17b4a | TestFile.py | Line 3: Expected 9 fields, got 1
2025-12-26T22:38:15.555557 | c698db27-f964-409e-9dd3-426685b0850e | TestFile.py | Line 4: Expected 9 fields, got 1
2025-12-26T22:38:16.541740 | 451aab96-dac7-474d-b056-2223c4b2fdaa | TestFile.py | Line 5: Expected 9 fields, got 1
2025-12-26T22:38:17.199821 | fb94e0c9-43e0-4fbe-ae06-1ee408c48296 | TestFile.py | Line 6: Expected 9 fields, got 1
2025-12-26T22:38:17.804588 | 3d1a5907-8ae9-4fc5-9ad4-426089b9d092 | TestFile.py | Line 7: Expected 9 fields, got 11
2025-12-26T22:38:18.411509 | a186b9d0-9a57-417c-af77-1a5a1cb53c0e | TestFile.py | Line 8: Expected 9 fields, got 1
2025-12-26T22:38:19.947802 | c5117645-e3f3-44b7-81d5-009156b806d2 | TestFile.py | Line 9: Empty or malformed row encountered
2025-12-26T22:38:19.998358 | 7c8427fd-f57e-4336-9a4e-f7dc39c649c4 | trial_results_invalid.csv | Filename error: Filename does not start with 'CLINICALDATA_'
2025-12-26T22:38:20.609336 | d1c5b6bf-085c-437d-9d01-fff90b1f8751 | TestFile.py | Line 10: Expected 9 fields, got 1
2025-12-26T22:38:20.669215 | 154962a1-1237-4f45-b123-025e5d76ab44 | trial_results_invalid.csv | Line 2: Dosage_mg must be a positive integer, got '-25'
2025-12-26T22:38:21.225900 | 28abf46e-6ad4-49a4-bea9-80be23ba206f | TestFile.py | Line 11: Expected 9 fields, got 1
2025-12-26T22:38:21.294183 | c7aba146-9c74-48cd-b1c8-49a8a745b778 | trial_results_invalid.csv | Line 3: Dosage_mg must be a positive integer, got 'abc'
2025-12-26T22:38:22.138504 | 8ace50c0-b7c2-46d4-a67c-ef957e3ac515 | trial_results_invalid.csv | Line 4: EndDate '2025-07-05' is before StartDate '2025-07-20'
2025-12-26T22:38:22.044179 | e4f95470-0746-49e6-9ec2-575a12df71aa | TestFile.py | Line 12: Expected 9 fields, got 1
2025-12-26T22:38:22.782357 | 7733b37b-b140-434a-a34b-e5a3305b2094 | trial_results_invalid.csv | Line 5: Outcome 'Better' is invalid. Allowed values: ['Improved', 'No Change', 'Worsened']
2025-12-26T22:38:23.431095 | 7f5ea795-dcd7-4007-b675-cd00b2152c3e | TestFile.py | Line 13: Expected 9 fields, got 2
2025-12-26T22:38:23.879498 | 6fb613c7-2280-48c7-beee-1eb3bbf3b0aa | trial_results_invalid.csv | Line 6: Outcome is mandatory and cannot be empty
2025-12-26T22:38:24.088540 | e0d7b890-5437-40a8-b964-38a23ad540e5 | TestFile.py | Line 14: Expected 9 fields, got 3
2025-12-26T22:38:24.510419 | eb646cd3-a9f4-4b50-8fe0-cf52a5867a58 | trial_results_invalid.csv | Line 6: Outcome '' is invalid. Allowed values: ['Improved', 'No Change', 'Worsened']
2025-12-26T22:38:24.722641 | ee185e7f-ae5d-4a3d-8ee1-1541c23f7b43 | TestFile.py | Line 15: Empty or malformed row encountered
2025-12-26T22:38:25.132201 | 382c0cff-9299-4137-8c0c-f11b7f2dcf45 | trial_results_invalid.csv | Line 7: SideEffects is mandatory and cannot be empty
2025-12-26T22:38:25.371670 | e3f0559d-cdce-429d-8a91-071a9cf27c16 | TestFile.py | Line 16: Empty or malformed row encountered
2025-12-26T22:38:27.818926 | 2831b200-b023-4e70-9d6b-88c4a86bbc92 | TestFile.py | Line 17: Expected 9 fields, got 1
2025-12-26T22:38:28.409063 | 2dfd0503-caca-4e27-a34d-7310dbb6d54f | TestFile.py | Line 18: Expected 9 fields, got 1
2025-12-26T22:38:29.051459 | 2549387e-6a92-4fae-9c76-c14ea9ea0f0e | TestFile.py | Line 19: Expected 9 fields, got 1
2025-12-26T22:38:29.649618 | 71232516-3f78-463b-a193-e2c7c066a8e1 | TestFile.py | Line 20: Expected 9 fields, got 1
2025-12-26T22:38:30.322068 | d6000c35-effc-4c73-b673-11a124284aa1 | TestFile.py | Line 21: Expected 9 fields, got 1
2025-12-26T22:38:30.938697 | d982979b-c171-4a66-8cd8-a6cc27b81251 | TestFile.py | Line 22: Expected 9 fields, got 2
2025-12-26T22:38:31.771141 | 25d4cfeb-cdc1-4915-b9bb-48b31c802ed1 | TestFile.py | Line 23: Empty or malformed row encountered
2025-12-26T22:38:32.469724 | 14a60fc4-2234-42f6-8987-1140dc9bba04 | TestFile.py | Line 24: Expected 9 fields, got 1
2025-12-26T22:38:33.739147 | d3b1d28f-852c-403e-b88b-b9f6c0126b40 | TestFile.py | Line 25: Expected 9 fields, got 2
2025-12-26T22:38:34.999114 | 3e284f3b-5fbb-482e-8a31-541ab4d0fdd6 | TestFile.py | Line 26: Empty or malformed row encountered
2025-12-26T22:38:35.986985 | 696b4a4c-85a5-437e-8858-6821e6f36990 | TestFile.py | Line 27: Expected 9 fields, got 1
2025-12-26T22:38:36.920211 | b5ea599e-5ad5-43bc-a7b3-1d100ff0f579 | TestFile.py | Line 28: Expected 9 fields, got 3
2025-12-26T22:38:38.833361 | 2f34d34f-3ff0-4f3e-93cb-3e797f395128 | TestFile.py | Line 29: Expected 9 fields, got 1
2025-12-26T22:38:40.845486 | 7bcc38b0-6db1-4017-adcd-b9c62c543084 | TestFile.py | Line 30: Expected 9 fields, got 2
2025-12-26T22:38:41.457327 | 49b24a68-3676-4e66-8d96-873fa50edd7b | TestFile.py | Line 31: Empty or malformed row encountered
2025-12-26T22:38:42.014286 | 945b813a-3441-4e46-b853-3d2c2e553a0d | TestFile.py | Line 32: Expected 9 fields, got 1
2025-12-26T22:38:42.666597 | 165850c7-54a5-4bd9-91fd-4b8524a4ad06 | TestFile.py | Line 33: Expected 9 fields, got 1
2025-12-26T22:38:43.456463 | d8715486-1cb5-441b-afd5-cbe50b60c0d0 | TestFile.py | Line 34: Expected 9 fields, got 2
2025-12-26T22:38:44.129608 | e47bb3a1-0bff-4e22-8fde-2ed60ed3252a | TestFile.py | Line 35: Expected 9 fields, got 1
2025-12-26T22:38:45.717512 | 8f8db4be-55ca-453f-a41d-54065c882529 | TestFile.py | Line 36: Empty or malformed row encountered
2025-12-26T22:38:46.387205 | c9dac2a1-d67c-4db9-8ba7-ee9cf5b3bcf2 | TestFile.py | Line 37: Expected 9 fields, got 3
2025-12-26T22:38:46.996019 | a13b7441-e977-4d4d-bdf2-4ba35dfba585 | TestFile.py | Line 38: Expected 9 fields, got 1
2025-12-26T22:38:47.645592 | c8d21f19-7c09-4ba8-9690-950b4134d834 | TestFile.py | Line 39: Expected 9 fields, got 1
2025-12-26T22:38:48.486231 | 052652ad-4859-4972-a5bd-5e59241e2e66 | TestFile.py | Line 40: Expected 9 fields, got 1
2025-12-26T22:38:49.104193 | d064c035-26fc-4066-9d28-c176917c3b48 | TestFile.py | Line 41: Expected 9 fields, got 2
2025-12-26T22:38:49.747099 | d1b6e0dd-b10f-412e-8f3b-fb7433f4bd99 | TestFile.py | Line 42: Expected 9 fields, got 3
2025-12-26T22:38:50.373749 | 08715fcf-38d3-44c3-aba3-9bcf5a63f087 | TestFile.py | Line 43: Expected 9 fields, got 2
2025-12-26T22:38:51.007809 | 4a7eba1b-120a-445b-8341-6d36301a91a2 | TestFile.py | Line 44: Expected 9 fields, got 1
2025-12-26T22:38:52.444263 | 707eb74e-0194-4372-aed5-13962c320474 | TestFile.py | Line 45: Expected 9 fields, got 2
2025-12-26T22:38:53.152739 | a6927208-a4e7-4511-8299-ad5bff052baa | TestFile.py | Line 46: Empty or malformed row encountered
2025-12-26T22:38:53.764501 | cc0ca401-778e-450c-9268-949d1e8e8f76 | TestFile.py | Line 47: Expected 9 fields, got 1
2025-12-26T22:38:54.397172 | d14d9030-cde4-480e-a983-8c50b56f773b | TestFile.py | Line 48: Expected 9 fields, got 2
2025-12-26T22:38:55.261045 | 526cec79-7508-4f73-a9fd-c82a6c4d24b8 | TestFile.py | Line 49: Empty or malformed row encountered
2025-12-26T22:38:57.913638 | 259fda1d-4df6-46e7-8ca3-876576f449cb | TestFile.py | Line 50: Expected 9 fields, got 2
2025-12-26T22:38:58.554871 | b47a8cfe-8630-4638-9a39-16ff5369a451 | TestFile.py | Line 51: Empty or malformed row encountered
2025-12-26T22:38:59.232678 | LOCAL-20251226223859974284 | TestFile.py | Line 52: Empty or malformed row encountered
2025-12-26T22:38:59.974875 | LOCAL-20251226223900669438 | TestFile.py | Line 53: Expected 9 fields, got 1
2025-12-26T22:39:00.670016 | LOCAL-20251226223901568615 | TestFile.py | Line 54: Expected 9 fields, got 1
2025-12-26T22:39:01.569162 | LOCAL-20251226223902183187 | TestFile.py | Line 55: Expected 9 fields, got 1
2025-12-26T22:39:02.184033 | LOCAL-20251226223902850152 | TestFile.py | Line 56: Expected 9 fields, got 1
2025-12-26T22:39:02.850800 | LOCAL-20251226223903805558 | TestFile.py | Line 57: Expected 9 fields, got 2
2025-12-26T22:39:03.806170 | LOCAL-20251226223904486068 | TestFile.py | Line 58: Expected 9 fields, got 2
2025-12-26T22:39:04.486563 | LOCAL-20251226223905593841 | TestFile.py | Line 59: Expected 9 fields, got 2
2025-12-26T22:39:05.594442 | LOCAL-20251226223906288400 | TestFile.py | Line 60: Expected 9 fields, got 2
2025-12-26T22:39:06.289358 | LOCAL-20251226223907208314 | TestFile.py | Line 61: Expected 9 fields, got 1
2025-12-26T22:39:07.208820 | LOCAL-20251226223907826682 | TestFile.py | Line 62: Expected 9 fields, got 1
2025-12-26T22:39:07.827492 | LOCAL-20251226223908444486 | TestFile.py | Line 63: Empty or malformed row encountered
2025-12-26T22:39:08.445529 | LOCAL-20251226223909169011 | TestFile.py | Line 64: Expected 9 fields, got 1
2025-12-26T22:39:09.169479 | LOCAL-20251226223909765002 | TestFile.py | Line 65: Expected 9 fields, got 2
2025-12-26T22:39:09.765906 | LOCAL-20251226223910443366 | TestFile.py | Line 66: Expected 9 fields, got 2
2025-12-26T22:39:10.444076 | LOCAL-20251226223911113114 | TestFile.py | Line 67: Empty or malformed row encountered
2025-12-26T22:39:11.114102 | LOCAL-20251226223912058116 | TestFile.py | Line 68: Expected 9 fields, got 1
2025-12-26T22:39:12.058958 | LOCAL-20251226223912759030 | TestFile.py | Line 69: Expected 9 fields, got 1
2025-12-26T22:39:12.759677 | 799c6632-6dfc-4255-b190-afe96a1eac2e | TestFile.py | Line 70: Expected 9 fields, got 1
2025-12-26T22:39:13.438009 | a0b750c5-259a-43d2-8ff8-510fa7ba1e42 | TestFile.py | Line 71: Expected 9 fields, got 1
2025-12-26T22:39:14.047601 | 0fbc77c0-a304-4ae3-9554-7191afb0be4d | TestFile.py | Line 72: Expected 9 fields, got 1
2025-12-26T22:39:15.176722 | f6d6be31-563b-4bd0-8c99-f15cdc18fd50 | TestFile.py | Line 73: Expected 9 fields, got 1
2025-12-26T22:39:15.753869 | bb79d875-25d2-4665-a3fa-3b11c4d07381 | TestFile.py | Line 74: Expected 9 fields, got 1
2025-12-26T22:39:16.376506 | be9753bd-8573-459b-be76-4308db34b39c | TestFile.py | Line 75: Expected 9 fields, got 1
2025-12-26T22:39:17.088141 | 01af874e-574f-4da5-90f2-2dd10b618170 | TestFile.py | Line 76: Empty or malformed row encountered
2025-12-26T22:39:17.970597 | b3a2c547-a78c-428c-9ef8-99bb4d15bb54 | TestFile.py | Line 77: Expected 9 fields, got 2
2025-12-26T22:39:18.611389 | ced1c298-d330-4cfb-913c-3d37c7362c4b | TestFile.py | Line 78: Expected 9 fields, got 1
2025-12-26T22:39:19.576627 | de847fd2-1d47-427a-97bf-a5eb1f7f4c27 | TestFile.py | Line 79: Expected 9 fields, got 2
2025-12-26T22:39:22.035218 | f5e92dbd-9588-4bdd-b1a3-129c418f95e5 | TestFile.py | Line 80: Empty or malformed row encountered
2025-12-26T22:39:23.180730 | e24a7554-4bb5-432d-b2f2-821c31bbf4d6 | TestFile.py | Line 81: Empty or malformed row encountered
2025-12-26T22:39:23.845915 | 9d0298e4-7166-4dc5-82c7-6b77baf22016 | TestFile.py | Line 82: Expected 9 fields, got 1
2025-12-26T22:39:24.524786 | 01401a38-1993-4e2e-9821-caa068e5e610 | TestFile.py | Line 83: Expected 9 fields, got 1
2025-12-26T22:39:25.133062 | 3b2785bc-7ff5-4f3d-a58f-65be2a85c96a | TestFile.py | Line 84: Expected 9 fields, got 1
2025-12-26T22:39:26.217547 | b501424d-d30a-43fc-b240-30e4ca690997 | TestFile.py | Line 85: Expected 9 fields, got 1
2025-12-26T22:39:26.849728 | 9beb4db6-5549-4fdd-9ffe-b9eebbb09b50 | TestFile.py | Line 86: Expected 9 fields, got 1
2025-12-26T22:39:27.571006 | 929bdc00-9c63-45a5-9153-f63249ee7c3c | TestFile.py | Line 87: Empty or malformed row encountered
2025-12-26T22:39:28.195465 | 731a8cb5-0266-47e9-9b0d-29975f996278 | TestFile.py | Line 88: Expected 9 fields, got 4
2025-12-26T22:39:28.799403 | 727f6afc-b2ca-4004-b8c3-1e731bb64517 | TestFile.py | Line 89: Expected 9 fields, got 1
2025-12-26T22:39:31.411626 | a7183286-0b3d-4731-b60f-e6696581cab6 | TestFile.py | Line 90: Expected 9 fields, got 2
2025-12-26T22:39:33.192138 | 2233b9e7-3d1a-4a1a-a5f4-3b2030699ae9 | TestFile.py | Line 91: Empty or malformed row encountered
2025-12-26T22:39:33.861227 | 5d3bdf3b-9da5-4a21-a3cc-9ad5da9fe3f1 | TestFile.py | Line 92: Expected 9 fields, got 1
2025-12-26T22:39:34.528729 | 8e4cb7c8-54aa-437f-85e9-56088942673f | TestFile.py | Line 93: Expected 9 fields, got 1
2025-12-26T22:39:35.168962 | 0b480605-1c59-4e29-b898-cc6e361c5ed4 | TestFile.py | Line 94: Expected 9 fields, got 1
2025-12-26T22:39:36.127845 | 95df87f7-4739-4fb1-9e94-77874ff79a98 | TestFile.py | Line 95: Empty or malformed row encountered
2025-12-26T22:39:36.719088 | d87e2ceb-6406-47b9-9496-50b9e7ef8d1b | TestFile.py | Line 96: Expected 9 fields, got 2
2025-12-26T22:39:38.614860 | 588e8193-9a1e-4f60-8e2c-585e6666f7a6 | TestFile.py | Line 97: Expected 9 fields, got 1
2025-12-26T22:39:39.207467 | 110bf7ef-c94e-438c-ab07-06512701cc98 | TestFile.py | Line 98: Expected 9 fields, got 2
2025-12-26T22:39:39.822003 | 66604436-1d0e-4884-b555-9725e050c7b0 | TestFile.py | Line 99: Expected 9 fields, got 1
2025-12-26T22:39:40.768753 | ad91ad55-7ad2-44ec-a3f0-ef26b50a7eed | TestFile.py | Line 100: Empty or malformed row encountered
2025-12-26T22:39:41.403606 | ab09fcad-9dd6-4196-aba3-da07d239e384 | TestFile.py | Line 101: Expected 9 fields, got 1
2025-12-26T22:39:42.025571 | fd805008-3c15-42db-99c7-d78a6e55a8f9 | TestFile.py | Line 102: Expected 9 fields, got 1
2025-12-26T22:39:42.643756 | 001b8fe8-734b-416f-b03e-3b61a64c1721 | TestFile.py | Line 103: Empty or malformed row encountered
2025-12-26T22:39:43.286543 | 50904a86-4367-44cc-af0b-99ed49f992c5 | TestFile.py | Line 104: Empty or malformed row encountered
2025-12-26T22:39:44.122633 | fd8a2ea3-143c-4301-b6eb-e4f5e5797df2 | TestFile.py | Line 105: Expected 9 fields, got 1
2025-12-26T22:39:44.894845 | 1e2fd9ef-c691-444a-920c-943fab5c712c | TestFile.py | Line 106: Expected 9 fields, got 2
2025-12-26T22:39:45.675125 | 1715a007-9067-4e37-9059-bce2aea74168 | TestFile.py | Line 107: Expected 9 fields, got 1
2025-12-26T22:39:46.793874 | 040587a2-05d8-49cd-81c9-9bfdb8d2dead | TestFile.py | Line 108: Expected 9 fields, got 1
2025-12-26T22:39:47.573781 | f8770f3b-37f8-4ee1-a73e-17e9052f57b2 | TestFile.py | Line 109: Expected 9 fields, got 1
2025-12-26T22:39:48.209932 | 0c7da341-0a96-4a16-97ba-f99dd8b86d8f | TestFile.py | Line 110: Empty or malformed row encountered
2025-12-26T22:39:48.930174 | eeecd4d2-8c80-4265-91b5-633d7a22d382 | TestFile.py | Line 111: Expected 9 fields, got 1
2025-12-26T22:39:49.554496 | 9a8a960b-f0bd-42db-b19e-c5dc56288e81 | TestFile.py | Line 112: Expected 9 fields, got 1
2025-12-26T22:39:50.213261 | 52fe5c81-4f55-43a2-a582-a7d9d9515cf8 | TestFile.py | Line 113: Expected 9 fields, got 1
2025-12-26T22:39:50.850010 | e1ae4ace-8147-4de1-b363-9841ae8c1811 | TestFile.py | Line 114: Expected 9 fields, got 1
2025-12-26T22:39:51.483606 | 6be1beb3-5ece-410b-9b63-343f44cf36b9 | TestFile.py | Line 115: Empty or malformed row encountered
2025-12-26T22:39:53.481058 | fefc8b50-f47c-4a71-a7eb-65445617e97e | TestFile.py | Line 116: Expected 9 fields, got 1
2025-12-26T22:39:54.107021 | 91125abf-7756-41f6-bd84-5dc495e651cd | TestFile.py | Line 117: Expected 9 fields, got 1
2025-12-26T22:39:54.701002 | 5f6f66ab-681c-4d49-9341-6d11059d068c | TestFile.py | Line 118: Expected 9 fields, got 1
2025-12-26T22:39:55.339475 | 1b559b86-ca7f-45b3-84cb-ef909e784571 | TestFile.py | Line 119: Empty or malformed row encountered
2025-12-26T22:39:55.972196 | 0847ba8e-70fd-4431-9cfb-e8019fec6240 | TestFile.py | Line 120: Expected 9 fields, got 1
2025-12-26T22:39:57.488086 | e9514ec9-247d-4a42-8ef7-0a6d851ea019 | TestFile.py | Line 121: Expected 9 fields, got 4
2025-12-26T22:39:58.114674 | 6eb4b180-04b2-4979-b94f-fa2dc28ce35e | TestFile.py | Line 122: Empty or malformed row encountered
2025-12-26T22:39:58.768509 | a7e9f8ed-21ad-4f23-872d-4aad57c49fbd | TestFile.py | Line 123: Expected 9 fields, got 1
2025-12-26T22:39:59.417407 | e207a501-b2c7-4261-b667-ecd96b9a3881 | TestFile.py | Line 124: Expected 9 fields, got 1
2025-12-26T22:40:00.020800 | 649df857-e12d-47b4-8c6c-0b5d0f2527f4 | TestFile.py | Line 125: Expected 9 fields, got 2
2025-12-26T22:40:00.683945 | 1958da09-3432-4851-8007-f387a19bb0a7 | TestFile.py | Line 126: Expected 9 fields, got 5
2025-12-26T22:40:02.034486 | a5e72403-9c3e-4171-80df-a05fc078bd0e | TestFile.py | Line 127: Expected 9 fields, got 5
2025-12-26T22:40:02.660287 | 613a5518-56c3-4c1f-8a38-ee7e3c933b2a | TestFile.py | Line 128: Empty or malformed row encountered
2025-12-26T22:40:03.324196 | 6e7865fd-9d7d-40d2-8030-7adc1bf8c3c8 | TestFile.py | Line 129: Expected 9 fields, got 1
2025-12-26T22:40:03.966438 | LOCAL-20251226224004765428 | TestFile.py | Line 130: Expected 9 fields, got 1
2025-12-26T22:40:04.766186 | LOCAL-20251226224005565453 | TestFile.py | Line 131: Expected 9 fields, got 3
2025-12-26T22:40:05.566304 | LOCAL-20251226224006226873 | TestFile.py | Line 132: Expected 9 fields, got 6
2025-12-26T22:40:06.227650 | LOCAL-20251226224007784307 | TestFile.py | Line 133: Empty or malformed row encountered
2025-12-26T22:40:07.784946 | LOCAL-20251226224008670612 | TestFile.py | Line 134: Expected 9 fields, got 3
2025-12-26T22:40:08.671384 | LOCAL-20251226224009305558 | TestFile.py | Line 135: Expected 9 fields, got 3
2025-12-26T22:40:09.306021 | LOCAL-20251226224009943375 | TestFile.py | Line 136: Empty or malformed row encountered
2025-12-26T22:40:09.943906 | LOCAL-20251226224010608219 | TestFile.py | Line 137: Expected 9 fields, got 1
2025-12-26T22:40:10.609014 | LOCAL-20251226224012695314 | TestFile.py | Line 138: Expected 9 fields, got 2
2025-12-26T22:40:11.234121 | LOCAL-20251226224013109232 | CLINICALDATA20251111083307.csv | Filename error: Filename does not start with 'CLINICALDATA_'
2025-12-26T22:40:12.695826 | 33bd5900-0394-4c05-ad6e-199e28d3e3fb | TestFile.py | Line 139: Expected 9 fields, got 1
2025-12-26T22:40:13.320116 | 0c673a2a-2954-4aab-b6a0-2a7511b4c440 | TestFile.py | Line 140: Expected 9 fields, got 1
2025-12-26T22:40:13.967809 | 7a02b2db-df7f-406a-ba15-bc6495e2493f | TestFile.py | Line 141: Empty or malformed row encountered
2025-12-26T22:40:14.934370 | c482f834-1127-4a42-b8ba-9ac61e82a704 | TestFile.py | Line 142: Expected 9 fields, got 1
2025-12-26T22:40:15.559716 | 16033a95-24d4-48de-8272-186248471b81 | TestFile.py | Line 143: Expected 9 fields, got 1
2025-12-26T22:40:17.404975 | 5bd32dd3-7928-4187-9645-270b5c0bd1c8 | TestFile.py | Line 144: Expected 9 fields, got 2
2025-12-26T22:40:18.126565 | eb74b279-80a3-4923-93ab-785e2f37830a | TestFile.py | Line 145: Expected 9 fields, got 5
2025-12-26T22:40:19.431820 | 9d62795f-8c95-4185-8776-fa21d7b18ede | TestFile.py | Line 146: Expected 9 fields, got 5
2025-12-26T22:40:20.127324 | a5cdf933-80c9-49fe-836e-7f79d5522a57 | TestFile.py | Line 147: Empty or malformed row encountered
2025-12-26T22:40:20.763535 | f8cf182f-1c2e-41a5-90dd-b5512458c3b4 | TestFile.py | Line 148: Expected 9 fields, got 1
2025-12-26T22:40:21.406182 | 7e137811-e9a5-49a0-81d0-839aade6ae70 | TestFile.py | Line 149: Expected 9 fields, got 1
2025-12-26T22:40:22.048824 | 9931c00f-2f41-4c17-9a0b-82877b9e5266 | TestFile.py | Line 150: Expected 9 fields, got 3
2025-12-26T22:40:23.652419 | e3275ef4-75f9-4ed7-bf1a-6467afd236b0 | TestFile.py | Line 151: Expected 9 fields, got 6
2025-12-26T22:40:24.319701 | 5f0bbbf0-be9e-40ba-b197-02ae99e20c2d | TestFile.py | Line 152: Empty or malformed row encountered
2025-12-26T22:40:25.495918 | 6d894f00-5a9b-4217-a82e-f244e04b858f | TestFile.py | Line 153: Expected 9 fields, got 3
2025-12-26T22:40:27.409576 | 36268d94-1888-4002-a173-eeec88397a10 | TestFile.py | Line 154: Expected 9 fields, got 3
2025-12-26T22:40:28.573089 | 0bd189ff-210b-4523-a1d4-3eae2ce30049 | TestFile.py | Line 155: Empty or malformed row encountered
2025-12-26T22:40:29.334873 | 307041aa-18a9-4348-8dfb-829a754fbe49 | TestFile.py | Line 156: Expected 9 fields, got 1
2025-12-26T22:40:31.934794 | f1e23db8-b254-4b21-830b-15d7ce955c33 | TestFile.py | Line 157: Expected 9 fields, got 2
2025-12-26T22:40:32.682125 | 8e18a9af-cb6c-4525-b4ed-de60ebb4ebdc | TestFile.py | Line 158: Expected 9 fields, got 1
2025-12-26T22:40:33.365526 | 7f7f7e5c-1a5d-4c28-99b4-c86da8db7916 | TestFile.py | Line 159: Expected 9 fields, got 1
2025-12-26T22:40:34.412683 | 10513bdc-8d4a-48aa-b2e3-cf9bca0923e9 | TestFile.py | Line 160: Empty or malformed row encountered
2025-12-26T22:40:35.077457 | f821ace6-4596-4509-8f91-ad0476d58b9d | TestFile.py | Line 161: Expected 9 fields, got 1
2025-12-26T22:40:35.739509 | 077a728f-2f69-4d7d-80ed-2cf46b5ca9ee | TestFile.py | Line 162: Expected 9 fields, got 1
2025-12-26T22:40:36.453682 | 6a0af3f4-ca15-4682-b20e-109ec47746eb | TestFile.py | Line 163: Expected 9 fields, got 3
2025-12-26T22:40:37.149175 | ab5980da-f50d-4e0c-b67d-b3cd9e1e0ab1 | TestFile.py | Line 164: Expected 9 fields, got 6
2025-12-26T22:40:37.885571 | ea0af911-25b2-41c1-9e8d-ee50f1a6b269 | TestFile.py | Line 165: Empty or malformed row encountered
2025-12-26T22:40:38.558285 | 1cd40a95-2c7f-4022-b9d7-388876b33ff2 | TestFile.py | Line 166: Expected 9 fields, got 3
2025-12-26T22:40:39.246796 | 20299e2a-7973-4554-b1a1-39446cdcd6d8 | TestFile.py | Line 167: Expected 9 fields, got 3
2025-12-26T22:40:40.989728 | 3d8e2644-61f5-4232-82e2-cdd313b9c8d2 | TestFile.py | Line 168: Empty or malformed row encountered
2025-12-26T22:40:42.280330 | a1454c88-d1df-4c9d-adac-4462566ccadc | TestFile.py | Line 169: Expected 9 fields, got 1
2025-12-26T22:40:43.242862 | 8e222787-f702-4e5e-8bc8-46e2a4eb48a9 | TestFile.py | Line 170: Expected 9 fields, got 2
2025-12-26T22:40:43.932666 | f8977a06-6981-4a60-97b0-bc1df693b240 | TestFile.py | Line 171: Expected 9 fields, got 1
2025-12-26T22:40:44.665284 | 046302d4-f8ae-4809-82bf-a1b385c84b28 | TestFile.py | Line 172: Expected 9 fields, got 1
2025-12-26T22:40:45.388574 | ce64b042-93a9-4eea-a674-68da31918873 | TestFile.py | Line 173: Empty or malformed row encountered
2025-12-26T22:40:46.078969 | 1a422e40-f77c-491a-ba37-a9f315887a98 | TestFile.py | Line 174: Expected 9 fields, got 1
2025-12-26T22:40:46.716443 | aa3c6060-43ca-4cc3-94c0-9ff97e278915 | TestFile.py | Line 175: Expected 9 fields, got 1
2025-12-26T22:40:47.481504 | 62320006-13f2-4394-8f85-6fc04c3af524 | TestFile.py | Line 176: Expected 9 fields, got 1
2025-12-26T22:40:48.186078 | 56f8c85e-1d33-48a1-9386-19aa74dcb2c5 | TestFile.py | Line 177: Expected 9 fields, got 3
2025-12-26T22:40:51.398009 | 132c8faa-9bae-4eaa-a726-ded43f557097 | TestFile.py | Line 178: Expected 9 fields, got 2
2025-12-26T22:40:52.348684 | 3bce1fa2-727b-46f4-9216-88998b08e1f9 | TestFile.py | Line 179: Expected 9 fields, got 1
2025-12-26T22:40:53.145524 | 8086bb24-db37-40df-a5d7-efdc3acb27c4 | TestFile.py | Line 180: Expected 9 fields, got 1
2025-12-26T22:40:53.982720 | d6724c75-c8fc-459c-a6d8-b91b883c4984 | TestFile.py | Line 181: Expected 9 fields, got 2
2025-12-26T22:40:54.776274 | 91e54805-e15c-496d-8e59-639d5f376453 | TestFile.py | Line 182: Empty or malformed row encountered
2025-12-26T22:40:55.605406 | e6fc1867-b135-4ead-9a6a-ac6b9e81d17b | TestFile.py | Line 183: Expected 9 fields, got 1
2025-12-26T22:40:57.362137 | b35b3519-ac01-4ceb-acaf-4ff35cda7881 | TestFile.py | Line 184: Expected 9 fields, got 1
2025-12-26T22:40:58.047972 | bae850f7-48ae-43ed-8d4a-b1fb41d31272 | TestFile.py | Line 185: Empty or malformed row encountered
2025-12-26T22:40:58.776634 | 759613b7-1e00-4475-8fcb-fef7e3210a4c | TestFile.py | Line 186: Expected 9 fields, got 5
2025-12-26T22:40:59.473368 | a3cad936-76c2-4c38-8bb2-66b18f247eac | TestFile.py | Line 187: Expected 9 fields, got 1
2025-12-26T22:41:00.180948 | e38f6201-3e28-4bbc-8d9b-169532b3a6ee | TestFile.py | Line 188: Expected 9 fields, got 5
2025-12-26T22:41:00.916414 | eb1a0e48-cba5-44f9-8d07-8df6ddd4336c | TestFile.py | Line 189: Empty or malformed row encountered
2025-12-26T22:41:01.859883 | 996c6100-41a8-492f-9f58-0ca88e93e32c | TestFile.py | Line 190: Expected 9 fields, got 5
2025-12-26T22:41:02.952221 | 05a89c7e-a95e-4760-85ab-d8c80f85a62e | TestFile.py | Line 191: Expected 9 fields, got 1
2025-12-26T22:41:03.585706 | 881e9c7b-3613-4c80-9b55-060ca4763e36 | TestFile.py | Line 192: Expected 9 fields, got 5
2025-12-26T22:41:04.317566 | afb7f0b3-975d-4042-b635-95afbf3f36ce | TestFile.py | Line 193: Empty or malformed row encountered
2025-12-26T22:41:04.984791 | d5f42546-bf1d-4a40-9ba5-db6632be57ed | TestFile.py | Line 194: Expected 9 fields, got 5
2025-12-26T22:41:05.768393 | c8981064-f4cf-43aa-a8ee-658e5fafd125 | TestFile.py | Line 195: Expected 9 fields, got 1
2025-12-26T22:41:07.457322 | a2866348-7bd0-434d-abb9-6a3e5b24b438 | TestFile.py | Line 196: Expected 9 fields, got 6
2025-12-26T22:41:08.530880 | 7fea025c-127a-441e-a067-a7d5050d84e4 | TestFile.py | Line 197: Empty or malformed row encountered
2025-12-26T22:41:09.760013 | d9c4e577-3bf8-4249-aa9c-92ac349b4a94 | TestFile.py | Line 198: Expected 9 fields, got 6
2025-12-26T22:41:10.769167 | LOCAL-20251226224111466043 | TestFile.py | Line 199: Empty or malformed row encountered
2025-12-26T22:41:11.466619 | LOCAL-20251226224112368406 | TestFile.py | Line 200: Expected 9 fields, got 1
2025-12-26T22:41:12.369104 | af39d670-81c5-475b-b1b6-f2bdf70712c6 | TestFile.py | Line 201: Expected 9 fields, got 1
2025-12-26T22:41:13.064475 | 8cb2aaca-19f7-4dd7-9909-3fcce18969d1 | TestFile.py | Line 202: Expected 9 fields, got 2
2025-12-26T22:41:13.739763 | 69ea5003-a9c6-4bab-a93a-fdb080eee8e3 | TestFile.py | Line 203: Expected 9 fields, got 1
2025-12-26T22:41:14.428398 | 5893da0c-c3a4-459c-aaa8-4bb59100ca7d | TestFile.py | Line 204: Expected 9 fields, got 1
2025-12-26T22:41:15.072194 | 4914a722-8221-4054-91b7-97c0868b2171 | TestFile.py | Line 205: Expected 9 fields, got 2
2025-12-26T22:41:15.736509 | a9e4fde4-053b-4202-8dea-5123dc5c170b | TestFile.py | Line 206: Expected 9 fields, got 1
2025-12-26T22:41:16.574580 | dc04c36f-eb3b-4b40-8c72-4a9393fa784d | TestFile.py | Line 207: Expected 9 fields, got 2
2025-12-26T22:41:17.354144 | 1fb2342e-297f-4255-a66b-a5e467cc7822 | TestFile.py | Line 208: Expected 9 fields, got 1
2025-12-26T22:41:18.211317 | 9899c3b8-413c-4c58-a879-08cf1d311eae | TestFile.py | Line 209: Expected 9 fields, got 2
2025-12-26T22:41:18.996432 | 595041fe-6707-4825-b7d8-b30fea2450d6 | TestFile.py | Line 210: Empty or malformed row encountered
2025-12-26T22:41:19.852422 | e7f18636-af4c-4f3d-a36f-496b49069349 | TestFile.py | Line 211: Expected 9 fields, got 1
2025-12-26T22:41:20.460520 | 644d0442-fb2d-4c62-a2b8-a2e3aab0d3c6 | TestFile.py | Line 212: Expected 9 fields, got 1
2025-12-26T22:41:21.265122 | 0fcd8275-9f77-4d6f-a814-1a45b0b69532 | TestFile.py | Line 213: Expected 9 fields, got 2
2025-12-26T22:41:22.241038 | f0998971-005b-4f83-adbe-8fb814f30883 | TestFile.py | Line 214: Expected 9 fields, got 1
2025-12-26T22:41:23.240739 | b83c336b-268f-4325-9070-0055b7501222 | TestFile.py | Line 215: Empty or malformed row encountered
2025-12-26T22:41:23.993560 | 0764d2cb-3b7d-418b-a49a-c0ae1abbdf20 | TestFile.py | Line 216: Expected 9 fields, got 1
2025-12-26T22:41:24.611214 | 37ac2052-051c-47ba-8847-76ec777a681b | TestFile.py | Line 217: Expected 9 fields, got 1
2025-12-26T22:41:25.469400 | a92fecba-77df-4d2b-8136-21a11f53f814 | TestFile.py | Line 218: Expected 9 fields, got 2
2025-12-26T22:41:26.430436 | 2dab4b3e-68d3-460d-beb7-9f459576d513 | TestFile.py | Line 219: Expected 9 fields, got 1
2025-12-26T22:41:27.081874 | 74337c97-dc18-4924-a5c7-a5b78969696b | TestFile.py | Line 220: Empty or malformed row encountered
2025-12-26T22:41:28.096758 | 67ed9bd1-b460-40bd-bb76-a755eb1123f5 | TestFile.py | Line 221: Expected 9 fields, got 1
2025-12-26T22:41:28.768641 | 2895e7e5-caaa-4d50-851a-5c36c050043f | TestFile.py | Line 222: Expected 9 fields, got 1
2025-12-26T22:41:29.647830 | b14ace62-971d-4f3a-ba75-6624bdcb18bf | TestFile.py | Line 223: Expected 9 fields, got 2
2025-12-26T22:41:31.161426 | 147fb2ec-e874-4131-b009-765e24fbb985 | TestFile.py | Line 224: Expected 9 fields, got 1
2025-12-26T22:41:33.360612 | 3c813f16-0f0c-4e3e-8d10-9a294ee3d622 | TestFile.py | Line 225: Empty or malformed row encountered
2025-12-26T22:41:34.312402 | 463a6211-bc47-4689-b1a2-01c62528788c | TestFile.py | Line 226: Expected 9 fields, got 1
2025-12-26T22:41:34.934954 | 9f813c68-a449-467d-bd0a-e6edbbe9d2a1 | TestFile.py | Line 227: Expected 9 fields, got 1
2025-12-26T22:41:35.548494 | 60f54a22-8b7c-444a-baa9-d414933e8b3d | TestFile.py | Line 228: Expected 9 fields, got 2
2025-12-26T22:41:36.345223 | ae7257d6-049a-47b3-b2dc-1c7b524458f0 | TestFile.py | Line 229: Empty or malformed row encountered
2025-12-26T22:41:37.170991 | a9dba741-3b6b-47f1-86fe-182626b169dd | TestFile.py | Line 230: Expected 9 fields, got 1
2025-12-26T22:41:38.767188 | 8a77dcfe-87a9-4f4a-a831-7cff011ccad0 | TestFile.py | Line 231: Expected 9 fields, got 1
2025-12-26T22:41:39.427730 | 874fd603-1df8-4096-b8df-fffaf0f5dc38 | TestFile.py | Line 232: Expected 9 fields, got 1
2025-12-26T22:41:41.068748 | 0f5e2c97-24f3-4818-ae11-0f898f63a121 | TestFile.py | Line 233: Expected 9 fields, got 2
2025-12-26T22:41:41.706959 | e1cbb164-2340-4bda-a757-dbdb9c9ae927 | TestFile.py | Line 234: Expected 9 fields, got 2
2025-12-26T22:41:42.328495 | 2abc5870-5422-4f5d-9525-cc770375f9f7 | TestFile.py | Line 235: Expected 9 fields, got 1
2025-12-26T22:41:43.007670 | cfad81c0-4920-49b7-bdd9-42089d197471 | TestFile.py | Line 236: Expected 9 fields, got 1
2025-12-26T22:41:43.641315 | d35d6c30-cac0-4ea6-b7b0-349e1a9475fa | TestFile.py | Line 237: Expected 9 fields, got 2
2025-12-26T22:41:44.512047 | c773e8be-6880-4360-a06c-d2e7dfe7135d | TestFile.py | Line 238: Expected 9 fields, got 2
2025-12-26T22:41:45.529797 | f030c58b-18c5-43e1-a56b-4493108756d6 | TestFile.py | Line 239: Expected 9 fields, got 1
2025-12-26T22:41:46.353026 | 09e3b105-4e58-4229-bcd4-a0aa0607df46 | TestFile.py | Line 240: Expected 9 fields, got 1
2025-12-26T22:41:47.561221 | 929621ca-cbeb-4b0b-870d-4679032ab192 | TestFile.py | Line 241: Expected 9 fields, got 2
2025-12-26T22:41:48.547700 | 3954a6b7-66c9-45b0-a42f-3611f88417b1 | TestFile.py | Line 242: Expected 9 fields, got 2
2025-12-26T22:41:49.326860 | 89b457c9-1355-4c6b-9f45-adc287129bdc | TestFile.py | Line 243: Expected 9 fields, got 1
2025-12-26T22:41:49.934313 | 0b93f818-7b4e-4fa3-8fc9-32928c56290d | TestFile.py | Line 244: Expected 9 fields, got 1
2025-12-26T22:41:50.565232 | 032b3a38-808c-483c-9eeb-5a2cb66e1613 | TestFile.py | Line 245: Expected 9 fields, got 2
2025-12-26T22:41:51.414310 | a336b775-9145-4bdc-8291-64d057186584 | TestFile.py | Line 246: Expected 9 fields, got 2
2025-12-26T22:41:52.772626 | b63e5868-2020-4531-8dbe-ad4b110727c9 | TestFile.py | Line 247: Empty or malformed row encountered
2025-12-26T22:41:56.013803 | 8d82af90-39df-4968-a343-9d5edec01759 | TestFile.py | Line 248: Empty or malformed row encountered
2025-12-26T22:41:56.727446 | b63910ec-381e-4799-9fca-eb841b0fff1b | TestFile.py | Line 249: Expected 9 fields, got 1
2025-12-26T22:41:57.384804 | 8c9ddcc5-eac5-496b-afce-14baae275466 | TestFile.py | Line 250: Expected 9 fields, got 1
2025-12-26T22:41:58.519490 | 103a65ae-172f-4a43-988b-85c008a54adc | TestFile.py | Line 251: Expected 9 fields, got 1
2025-12-26T22:41:59.409722 | 06f551f5-6429-4e81-8bdd-1ab064ba1b28 | TestFile.py | Line 252: Expected 9 fields, got 1
2026-01-08T12:54:23.537544 | b45f0a42-c59f-420a-9197-8133ae25a9ba | CLINICALDATA20251111083302.csv | Filename error: Filename does not start with 'CLINICALDATA_'
